TN:
SF:src\calculadora.js
FN:12,(anonymous_0)
FNF:1
FNH:1
FNDA:21,(anonymous_0)
DA:14,21
DA:15,2
DA:19,19
DA:22,19
DA:23,1
DA:27,18
DA:28,2
DA:32,16
DA:33,3
DA:36,13
DA:39,13
DA:40,8
DA:44,13
DA:45,5
DA:49,13
DA:50,4
DA:53,13
DA:56,13
DA:60,1
LF:19
LH:19
BRDA:12,0,0,15
BRDA:14,1,0,2
BRDA:14,1,1,19
BRDA:14,2,0,21
BRDA:14,2,1,20
BRDA:19,3,0,2
BRDA:19,3,1,17
BRDA:22,4,0,1
BRDA:22,4,1,18
BRDA:27,5,0,2
BRDA:27,5,1,16
BRDA:32,6,0,3
BRDA:32,6,1,13
BRDA:39,7,0,8
BRDA:39,7,1,5
BRDA:39,8,0,13
BRDA:39,8,1,13
BRDA:44,9,0,5
BRDA:44,9,1,8
BRDA:49,10,0,4
BRDA:49,10,1,9
BRF:21
BRH:21
end_of_record
